<?xml version="1.0" encoding="UTF-8"?>
<testng-results ignored="0" total="1" passed="1" failed="0" skipped="0">
  <reporter-output>
  </reporter-output>
  <suite started-at="2023-12-29T17:25:48 IST" name="Surefire suite" finished-at="2023-12-29T17:25:49 IST" duration-ms="1243">
    <groups>
    </groups>
    <test started-at="2023-12-29T17:25:48 IST" name="Surefire test" finished-at="2023-12-29T17:25:49 IST" duration-ms="1243">
      <class name="tests.LoginTest">
        <test-method signature="loginTest()[pri:0, instance:tests.LoginTest@6293abcc]" started-at="2023-12-29T17:25:48 IST" name="loginTest" finished-at="2023-12-29T17:25:49 IST" duration-ms="1202" status="PASS">
          <reporter-output>
          </reporter-output>
        </test-method> <!-- loginTest -->
      </class> <!-- tests.LoginTest -->
    </test> <!-- Surefire test -->
  </suite> <!-- Surefire suite -->
</testng-results>
