<?xml version="1.0" encoding="UTF-8"?>
<testng-results ignored="0" total="1" passed="1" failed="0" skipped="0">
  <reporter-output>
  </reporter-output>
  <suite started-at="2023-12-29T17:21:55 IST" name="Suite" finished-at="2023-12-29T17:21:57 IST" duration-ms="1462">
    <groups>
    </groups>
    <test started-at="2023-12-29T17:21:55 IST" name="test" finished-at="2023-12-29T17:21:57 IST" duration-ms="1462">
      <class name="tests.LoginTest">
        <test-method signature="loginTest()[pri:0, instance:tests.LoginTest@61001b64]" started-at="2023-12-29T17:21:55 IST" name="loginTest" finished-at="2023-12-29T17:21:57 IST" duration-ms="1406" status="PASS">
          <reporter-output>
          </reporter-output>
        </test-method> <!-- loginTest -->
      </class> <!-- tests.LoginTest -->
    </test> <!-- test -->
  </suite> <!-- Suite -->
</testng-results>
